<?xml version="1.0" encoding="UTF-8"?>
<!-- Generated by org.testng.reporters.JUnitXMLReporter -->
<testsuite ignored="0" hostname="aitslpt-SarojP" failures="1" tests="1" name="BookingPortalAPIAutomation" time="1.81" errors="0" timestamp="2023-07-26T13:20:54 NPT">
  <testcase classname="api.test.BookingTests" name="testCreateBooking" time="1.547">
    <failure type="java.lang.AssertionError" message="expected [200] but found [403]">
      <![CDATA[java.lang.AssertionError: expected [200] but found [403]
at api.test.BookingTests.testCreateBooking(BookingTests.java:56)
at java.base/java.util.ArrayList.forEach(ArrayList.java:1511)
... Removed 31 stack frames]]>
    </failure>
  </testcase> <!-- testCreateBooking -->
</testsuite> <!-- BookingPortalAPIAutomation -->
